2023-03-20 14:05:34 info: tempDirectory:c:\Users\acer\.vscode\extensions\embold-vscode.embold-0.1.4\temp
2023-03-20 14:05:34 info: Extraction complete for source: c:\Users\acer\.vscode\extensions\embold-vscode.embold-0.1.4\resources\embold-scanner-archive.zip, destination: c:\Users\acer\.vscode\extensions\embold-vscode.embold-0.1.4\temp
2023-03-20 14:05:34 info: Congratulations, your extension "Embold" is now active!
2023-03-20 14:06:31 info: file:///f%3A/sf/anypos/.next/package.json
2023-03-20 14:06:31 error: SQLITE_ERROR: no such table: issues
2023-03-20 14:06:32 info: file:///f%3A/sf/anypos/.next/trace
2023-03-20 14:06:32 info: file:///f%3A/sf/anypos/.next/server/_error.js
2023-03-20 14:06:32 info: file:///f%3A/sf/anypos/.next/build-manifest.json
2023-03-20 14:06:32 info: file:///f%3A/sf/anypos/.next/server/pages/_app.js
2023-03-20 14:06:32 info: file:///f%3A/sf/anypos/.next/static/chunks/amp.js
2023-03-20 14:06:32 info: file:///f%3A/sf/anypos/.next/server/pages/index.js
2023-03-20 14:06:32 info: file:///f%3A/sf/anypos/.next/static/chunks/main.js
2023-03-20 14:06:32 info: file:///f%3A/sf/anypos/.next/server/pages/_error.js
2023-03-20 14:06:32 info: file:///f%3A/sf/anypos/.next/static/chunks/_error.js
2023-03-20 14:06:32 info: file:///f%3A/sf/anypos/.next/static/chunks/webpack.js
2023-03-20 14:06:32 info: file:///f%3A/sf/anypos/.next/server/pages/_document.js
2023-03-20 14:06:32 info: file:///f%3A/sf/anypos/.next/server/webpack-runtime.js
2023-03-20 14:06:32 info: file:///f%3A/sf/anypos/.next/server/pages-manifest.json
2023-03-20 14:06:32 info: file:///f%3A/sf/anypos/.next/static/chunks/polyfills.js
2023-03-20 14:06:32 info: file:///f%3A/sf/anypos/.next/fallback-build-manifest.json
2023-03-20 14:06:32 info: file:///f%3A/sf/anypos/.next/react-loadable-manifest.json
2023-03-20 14:06:32 info: file:///f%3A/sf/anypos/.next/static/media/app.b3bdf5d7.svg
2023-03-20 14:06:32 info: file:///f%3A/sf/anypos/.next/static/chunks/react-refresh.js
2023-03-20 14:06:32 info: file:///f%3A/sf/anypos/.next/static/media/logo.8e8aa50d.svg
2023-03-20 14:06:32 info: file:///f%3A/sf/anypos/.next/server/middleware-manifest.json
2023-03-20 14:06:32 info: file:///f%3A/sf/anypos/.next/static/media/icon1.94d6ba48.svg
2023-03-20 14:06:32 info: file:///f%3A/sf/anypos/.next/static/media/icon2.e782a77b.svg
2023-03-20 14:06:32 info: file:///f%3A/sf/anypos/.next/static/media/icon3.8a946082.svg
2023-03-20 14:06:32 info: file:///f%3A/sf/anypos/.next/static/media/icon4.798437a6.svg
2023-03-20 14:06:32 info: file:///f%3A/sf/anypos/.next/static/media/icon6.39b22966.svg
2023-03-20 14:06:32 info: file:///f%3A/sf/anypos/.next/static/media/icon7.d3d8ec6d.svg
2023-03-20 14:06:32 info: file:///f%3A/sf/anypos/.next/static/media/icon8.3ba7b396.svg
2023-03-20 14:06:32 info: file:///f%3A/sf/anypos/.next/static/media/icon9.24b28d40.svg
2023-03-20 14:06:32 info: file:///f%3A/sf/anypos/.next/static/media/slick.25572f22.eot
2023-03-20 14:06:32 info: file:///f%3A/sf/anypos/.next/static/media/slick.6aa1ee46.ttf
2023-03-20 14:06:32 info: file:///f%3A/sf/anypos/.next/static/media/slick.f895cfdf.svg
2023-03-20 14:06:32 info: file:///f%3A/sf/anypos/.next/static/media/ftlogo.ebc55bd3.png
2023-03-20 14:06:32 info: file:///f%3A/sf/anypos/.next/static/media/slick.653a4cbb.woff
2023-03-20 14:06:32 info: file:///f%3A/sf/anypos/.next/static/media/emision.a838d921.svg
2023-03-20 14:06:32 info: file:///f%3A/sf/anypos/.next/static/development/_ssgManifest.js
2023-03-20 14:06:32 info: file:///f%3A/sf/anypos/.next/server/middleware-build-manifest.js
2023-03-20 14:06:32 info: file:///f%3A/sf/anypos/.next/static/development/_buildManifest.js
2023-03-20 14:06:32 info: file:///f%3A/sf/anypos/.next/static/media/any_device.2861c2c7.png
2023-03-20 14:06:32 info: file:///f%3A/sf/anypos/.next/static/media/logo-white.a11837cd.png
2023-03-20 14:06:32 info: file:///f%3A/sf/anypos/.next/static/media/ajax-loader.0b80f665.gif
2023-03-20 14:06:32 info: file:///f%3A/sf/anypos/.next/static/media/Comfortaa-Regular.8d886070.ttf
2023-03-20 14:06:32 info: file:///f%3A/sf/anypos/.next/static/media/sqmarket-medium.d4479f52.woff2
2023-03-20 14:06:32 info: file:///f%3A/sf/anypos/.next/server/middleware-react-loadable-manifest.js
2023-03-20 14:06:32 info: file:///f%3A/sf/anypos/.next/static/media/NotoKufiArabic-Regular.da1b08f3.ttf
2023-03-20 14:06:32 info: file:///f%3A/sf/anypos/.next/static/webpack/0043b229c7aa193d.webpack.hot-update.json
2023-03-20 14:06:32 info: file:///f%3A/sf/anypos/.next/static/webpack/03544e41884598c9.webpack.hot-update.json
2023-03-20 14:06:32 info: file:///f%3A/sf/anypos/.next/static/webpack/04968fa35fa6634e.webpack.hot-update.json
2023-03-20 14:06:32 info: file:///f%3A/sf/anypos/.next/static/webpack/06d8ca739fe31426.webpack.hot-update.json
2023-03-20 14:06:32 info: file:///f%3A/sf/anypos/.next/static/webpack/0a07418210a9e5de.webpack.hot-update.json
2023-03-20 14:06:32 info: file:///f%3A/sf/anypos/.next/static/webpack/1596d5c34dc5d955.webpack.hot-update.json
2023-03-20 14:06:32 info: file:///f%3A/sf/anypos/.next/static/webpack/15ac823192399b1c.webpack.hot-update.json
2023-03-20 14:06:32 info: file:///f%3A/sf/anypos/.next/static/webpack/184c30480f226e0c.webpack.hot-update.json
2023-03-20 14:06:32 info: file:///f%3A/sf/anypos/.next/static/webpack/1ec7ae9852725cf4.webpack.hot-update.json
2023-03-20 14:06:32 info: file:///f%3A/sf/anypos/.next/static/webpack/22bd6d5eb1ec887c.webpack.hot-update.json
2023-03-20 14:06:32 info: file:///f%3A/sf/anypos/.next/static/webpack/242941dd07c7291f.webpack.hot-update.json
2023-03-20 14:06:32 info: file:///f%3A/sf/anypos/.next/static/webpack/26fb62dae07fbabb.webpack.hot-update.json
2023-03-20 14:06:32 info: file:///f%3A/sf/anypos/.next/static/webpack/2902f65e12702169.webpack.hot-update.json
2023-03-20 14:06:32 info: file:///f%3A/sf/anypos/.next/static/webpack/291eade94ce8d6a4.webpack.hot-update.json
2023-03-20 14:06:32 info: file:///f%3A/sf/anypos/.next/static/webpack/2c8ede6a78c3739b.webpack.hot-update.json
2023-03-20 14:06:32 info: file:///f%3A/sf/anypos/.next/static/webpack/2f5f484580256bec.webpack.hot-update.json
2023-03-20 14:06:32 info: file:///f%3A/sf/anypos/.next/static/webpack/30d18b9978c03f60.webpack.hot-update.json
2023-03-20 14:06:32 info: file:///f%3A/sf/anypos/.next/static/webpack/32228e1662e70c55.webpack.hot-update.json
2023-03-20 14:06:32 info: file:///f%3A/sf/anypos/.next/static/webpack/3462862076793224.webpack.hot-update.json
2023-03-20 14:06:32 info: file:///f%3A/sf/anypos/.next/static/webpack/3ab20c9d21b74a0b.webpack.hot-update.json
2023-03-20 14:06:32 info: file:///f%3A/sf/anypos/.next/static/webpack/3afdeea288f34577.webpack.hot-update.json
2023-03-20 14:06:32 info: file:///f%3A/sf/anypos/.next/static/webpack/407a115920ed8cbf.webpack.hot-update.json
2023-03-20 14:06:32 info: file:///f%3A/sf/anypos/.next/static/webpack/411d79be9020761c.webpack.hot-update.json
2023-03-20 14:06:32 info: file:///f%3A/sf/anypos/.next/static/webpack/413e5d5321c32172.webpack.hot-update.json
2023-03-20 14:06:32 info: file:///f%3A/sf/anypos/.next/static/webpack/4221d5c267b9cd96.webpack.hot-update.json
2023-03-20 14:06:32 info: file:///f%3A/sf/anypos/.next/static/webpack/422a986ad98999b7.webpack.hot-update.json
2023-03-20 14:06:32 info: file:///f%3A/sf/anypos/.next/static/webpack/4df49db348789a2a.webpack.hot-update.json
2023-03-20 14:06:32 info: file:///f%3A/sf/anypos/.next/static/webpack/50e1309a503c7884.webpack.hot-update.json
2023-03-20 14:06:32 info: file:///f%3A/sf/anypos/.next/static/webpack/5265cbf5c1d1a0c7.webpack.hot-update.json
2023-03-20 14:06:32 info: file:///f%3A/sf/anypos/.next/static/webpack/578bdd1933a05aca.webpack.hot-update.json
2023-03-20 14:06:32 info: file:///f%3A/sf/anypos/.next/static/webpack/5879f22758193592.webpack.hot-update.json
2023-03-20 14:06:32 info: file:///f%3A/sf/anypos/.next/static/webpack/5c8e2113e251b9f5.webpack.hot-update.json
2023-03-20 14:06:32 info: file:///f%3A/sf/anypos/.next/static/webpack/5e99d27c348ca4bd.webpack.hot-update.json
2023-03-20 14:06:32 info: file:///f%3A/sf/anypos/.next/static/webpack/5eb68245c0e088d1.webpack.hot-update.json
2023-03-20 14:06:32 info: file:///f%3A/sf/anypos/.next/static/webpack/61538db1cf60969b.webpack.hot-update.json
2023-03-20 14:06:32 info: file:///f%3A/sf/anypos/.next/static/webpack/63bd0650bb6f6115.webpack.hot-update.json
2023-03-20 14:06:32 info: file:///f%3A/sf/anypos/.next/static/webpack/66c852ed56c48ed4.webpack.hot-update.json
2023-03-20 14:06:32 info: file:///f%3A/sf/anypos/.next/static/webpack/6cea9050168df254.webpack.hot-update.json
2023-03-20 14:06:32 info: file:///f%3A/sf/anypos/.next/static/webpack/730875c534343762.webpack.hot-update.json
2023-03-20 14:06:32 info: file:///f%3A/sf/anypos/.next/static/webpack/7557e5c2ac7943a5.webpack.hot-update.json
2023-03-20 14:06:32 info: file:///f%3A/sf/anypos/.next/static/webpack/76ae09b73651722a.webpack.hot-update.json
2023-03-20 14:06:32 info: file:///f%3A/sf/anypos/.next/static/webpack/77ca96ea39f26a6d.webpack.hot-update.json
2023-03-20 14:06:32 info: file:///f%3A/sf/anypos/.next/static/webpack/7b88077599b8baae.webpack.hot-update.json
2023-03-20 14:06:32 info: file:///f%3A/sf/anypos/.next/static/webpack/7bbde72d807e5009.webpack.hot-update.json
2023-03-20 14:06:32 info: file:///f%3A/sf/anypos/.next/static/webpack/8240293e675950ef.webpack.hot-update.json
2023-03-20 14:06:32 info: file:///f%3A/sf/anypos/.next/static/webpack/874eaa3c47ecfada.webpack.hot-update.json
2023-03-20 14:06:32 info: file:///f%3A/sf/anypos/.next/static/webpack/89edda3ade5dfd05.webpack.hot-update.json
2023-03-20 14:06:32 info: file:///f%3A/sf/anypos/.next/static/webpack/9351cd3273bc1114.webpack.hot-update.json
2023-03-20 14:06:32 info: file:///f%3A/sf/anypos/.next/static/webpack/959b86eab5bc316f.webpack.hot-update.json
2023-03-20 14:06:32 info: file:///f%3A/sf/anypos/.next/static/webpack/9a8175d76f4af733.webpack.hot-update.json
2023-03-20 14:06:32 info: file:///f%3A/sf/anypos/.next/static/webpack/9be057205af4f11a.webpack.hot-update.json
2023-03-20 14:06:32 info: file:///f%3A/sf/anypos/.next/static/webpack/9be95fa85f78321a.webpack.hot-update.json
2023-03-20 14:06:32 info: file:///f%3A/sf/anypos/.next/static/webpack/a1dc420baa85bd74.webpack.hot-update.json
2023-03-20 14:06:32 info: file:///f%3A/sf/anypos/.next/static/webpack/a1e13e55912c93f5.webpack.hot-update.json
2023-03-20 14:06:32 info: file:///f%3A/sf/anypos/.next/static/webpack/a1ed24cbe88e7d20.webpack.hot-update.json
2023-03-20 14:06:32 info: file:///f%3A/sf/anypos/.next/static/webpack/a88adff310684c40.webpack.hot-update.json
2023-03-20 14:06:32 info: file:///f%3A/sf/anypos/.next/static/webpack/a92b3f7176c3c6c1.webpack.hot-update.json
2023-03-20 14:06:32 info: file:///f%3A/sf/anypos/.next/static/webpack/a9f815c2f18518ce.webpack.hot-update.json
2023-03-20 14:06:32 info: file:///f%3A/sf/anypos/.next/static/webpack/aa187720d68cd1b2.webpack.hot-update.json
2023-03-20 14:06:32 info: file:///f%3A/sf/anypos/.next/static/webpack/af22770f4681216b.webpack.hot-update.json
2023-03-20 14:06:32 info: file:///f%3A/sf/anypos/.next/static/webpack/b045b8248957eeb2.webpack.hot-update.json
2023-03-20 14:06:32 info: file:///f%3A/sf/anypos/.next/static/webpack/b164163451380308.webpack.hot-update.json
2023-03-20 14:06:32 info: file:///f%3A/sf/anypos/.next/static/webpack/b257c59615ad3e30.webpack.hot-update.json
2023-03-20 14:06:32 info: file:///f%3A/sf/anypos/.next/static/webpack/b9df080446ad6f2c.webpack.hot-update.json
2023-03-20 14:06:32 info: file:///f%3A/sf/anypos/.next/static/webpack/bacba144cebef8d0.webpack.hot-update.json
2023-03-20 14:06:32 info: file:///f%3A/sf/anypos/.next/static/webpack/c4e3ae97724ee79e.webpack.hot-update.json
2023-03-20 14:06:32 info: file:///f%3A/sf/anypos/.next/static/webpack/c62ab2ca7ee65eb8.webpack.hot-update.json
2023-03-20 14:06:32 info: file:///f%3A/sf/anypos/.next/static/webpack/c8cad75a9fb6617a.webpack.hot-update.json
2023-03-20 14:06:32 info: file:///f%3A/sf/anypos/.next/static/webpack/c97b96003bee19a2.webpack.hot-update.json
2023-03-20 14:06:32 info: file:///f%3A/sf/anypos/.next/static/webpack/ca653d24ffcfb314.webpack.hot-update.json
2023-03-20 14:06:32 info: file:///f%3A/sf/anypos/.next/static/webpack/cacf17cd7382c0e3.webpack.hot-update.json
2023-03-20 14:06:32 info: file:///f%3A/sf/anypos/.next/static/webpack/cae8cc0bece70422.webpack.hot-update.json
2023-03-20 14:06:32 info: file:///f%3A/sf/anypos/.next/static/webpack/cdc78bac745caddb.webpack.hot-update.json
2023-03-20 14:06:32 info: file:///f%3A/sf/anypos/.next/static/webpack/cf7d0027e5abdb81.webpack.hot-update.json
2023-03-20 14:06:32 info: file:///f%3A/sf/anypos/.next/static/webpack/dc86e40afb4acafe.webpack.hot-update.json
2023-03-20 14:06:32 info: file:///f%3A/sf/anypos/.next/static/webpack/e0d1ed4b5528cf70.webpack.hot-update.json
2023-03-20 14:06:32 info: file:///f%3A/sf/anypos/.next/static/webpack/e19c645127ba4999.webpack.hot-update.json
2023-03-20 14:06:32 info: file:///f%3A/sf/anypos/.next/static/webpack/e5158301b251d190.webpack.hot-update.json
2023-03-20 14:06:32 info: file:///f%3A/sf/anypos/.next/static/webpack/e5e02ce883aba1ff.webpack.hot-update.json
2023-03-20 14:06:32 info: file:///f%3A/sf/anypos/.next/static/webpack/e80e5c6a5a69beb4.webpack.hot-update.json
2023-03-20 14:06:32 info: file:///f%3A/sf/anypos/.next/server/pages
2023-03-20 14:06:32 info: file:///f%3A/sf/anypos/.next/static/media
2023-03-20 14:06:32 info: file:///f%3A/sf/anypos/.next/static/development
2023-03-20 14:06:32 info: file:///f%3A/sf/anypos/.next/static/chunks/pages/_app.js
2023-03-20 14:06:32 info: file:///f%3A/sf/anypos/.next/static/chunks/pages/index.js
2023-03-20 14:06:32 info: file:///f%3A/sf/anypos/.next/static/chunks/fallback/amp.js
2023-03-20 14:06:32 info: file:///f%3A/sf/anypos/.next/static/chunks/pages/_error.js
2023-03-20 14:06:32 info: file:///f%3A/sf/anypos/.next/static/chunks/fallback/main.js
2023-03-20 14:06:32 info: file:///f%3A/sf/anypos/.next/static/chunks/fallback/webpack.js
2023-03-20 14:06:32 info: file:///f%3A/sf/anypos/.next/static/chunks/fallback/react-refresh.js
2023-03-20 14:06:32 info: file:///f%3A/sf/anypos/.next/static/webpack/webpack.0043b229c7aa193d.hot-update.js
2023-03-20 14:06:32 info: file:///f%3A/sf/anypos/.next/static/webpack/webpack.03544e41884598c9.hot-update.js
2023-03-20 14:06:32 info: file:///f%3A/sf/anypos/.next/static/webpack/webpack.04968fa35fa6634e.hot-update.js
2023-03-20 14:06:32 info: file:///f%3A/sf/anypos/.next/static/webpack/webpack.06d8ca739fe31426.hot-update.js
2023-03-20 14:06:32 info: file:///f%3A/sf/anypos/.next/static/webpack/webpack.0a07418210a9e5de.hot-update.js
2023-03-20 14:06:32 info: file:///f%3A/sf/anypos/.next/static/webpack/webpack.1596d5c34dc5d955.hot-update.js
2023-03-20 14:06:32 info: file:///f%3A/sf/anypos/.next/static/webpack/webpack.15ac823192399b1c.hot-update.js
2023-03-20 14:06:32 info: file:///f%3A/sf/anypos/.next/static/webpack/webpack.184c30480f226e0c.hot-update.js
2023-03-20 14:06:32 info: file:///f%3A/sf/anypos/.next/static/webpack/webpack.1ec7ae9852725cf4.hot-update.js
2023-03-20 14:06:32 info: file:///f%3A/sf/anypos/.next/static/webpack/webpack.22bd6d5eb1ec887c.hot-update.js
2023-03-20 14:06:32 info: file:///f%3A/sf/anypos/.next/static/webpack/webpack.242941dd07c7291f.hot-update.js
2023-03-20 14:06:32 info: file:///f%3A/sf/anypos/.next/static/webpack/webpack.26fb62dae07fbabb.hot-update.js
2023-03-20 14:06:32 info: file:///f%3A/sf/anypos/.next/static/webpack/webpack.2902f65e12702169.hot-update.js
2023-03-20 14:06:32 info: file:///f%3A/sf/anypos/.next/static/webpack/webpack.291eade94ce8d6a4.hot-update.js
2023-03-20 14:06:32 info: file:///f%3A/sf/anypos/.next/static/webpack/webpack.2c8ede6a78c3739b.hot-update.js
2023-03-20 14:06:32 info: file:///f%3A/sf/anypos/.next/static/webpack/webpack.2f5f484580256bec.hot-update.js
2023-03-20 14:06:32 info: file:///f%3A/sf/anypos/.next/static/webpack/webpack.30d18b9978c03f60.hot-update.js
2023-03-20 14:06:32 info: file:///f%3A/sf/anypos/.next/static/webpack/webpack.32228e1662e70c55.hot-update.js
2023-03-20 14:06:32 info: file:///f%3A/sf/anypos/.next/static/webpack/webpack.3462862076793224.hot-update.js
2023-03-20 14:06:32 info: file:///f%3A/sf/anypos/.next/static/webpack/webpack.3ab20c9d21b74a0b.hot-update.js
2023-03-20 14:06:32 info: file:///f%3A/sf/anypos/.next/static/webpack/webpack.3afdeea288f34577.hot-update.js
2023-03-20 14:06:32 info: file:///f%3A/sf/anypos/.next/static/webpack/webpack.407a115920ed8cbf.hot-update.js
2023-03-20 14:06:32 info: file:///f%3A/sf/anypos/.next/static/webpack/webpack.411d79be9020761c.hot-update.js
2023-03-20 14:06:32 info: file:///f%3A/sf/anypos/.next/static/webpack/webpack.413e5d5321c32172.hot-update.js
2023-03-20 14:06:32 info: file:///f%3A/sf/anypos/.next/static/webpack/webpack.4221d5c267b9cd96.hot-update.js
2023-03-20 14:06:32 info: file:///f%3A/sf/anypos/.next/static/webpack/webpack.422a986ad98999b7.hot-update.js
2023-03-20 14:06:32 info: file:///f%3A/sf/anypos/.next/static/webpack/webpack.4df49db348789a2a.hot-update.js
2023-03-20 14:06:32 info: file:///f%3A/sf/anypos/.next/static/webpack/webpack.50e1309a503c7884.hot-update.js
2023-03-20 14:06:32 info: file:///f%3A/sf/anypos/.next/static/webpack/webpack.5265cbf5c1d1a0c7.hot-update.js
2023-03-20 14:06:32 info: file:///f%3A/sf/anypos/.next/static/webpack/webpack.578bdd1933a05aca.hot-update.js
2023-03-20 14:06:32 info: file:///f%3A/sf/anypos/.next/static/webpack/webpack.5879f22758193592.hot-update.js
2023-03-20 14:06:32 info: file:///f%3A/sf/anypos/.next/static/webpack/webpack.5c8e2113e251b9f5.hot-update.js
2023-03-20 14:06:32 info: file:///f%3A/sf/anypos/.next/static/webpack/webpack.5e99d27c348ca4bd.hot-update.js
2023-03-20 14:06:32 info: file:///f%3A/sf/anypos/.next/static/webpack/webpack.5eb68245c0e088d1.hot-update.js
2023-03-20 14:06:32 info: file:///f%3A/sf/anypos/.next/static/webpack/webpack.61538db1cf60969b.hot-update.js
2023-03-20 14:06:32 info: file:///f%3A/sf/anypos/.next/static/webpack/webpack.63bd0650bb6f6115.hot-update.js
2023-03-20 14:06:32 info: file:///f%3A/sf/anypos/.next/static/webpack/webpack.66c852ed56c48ed4.hot-update.js
2023-03-20 14:06:32 info: file:///f%3A/sf/anypos/.next/static/webpack/webpack.6cea9050168df254.hot-update.js
2023-03-20 14:06:32 info: file:///f%3A/sf/anypos/.next/static/webpack/webpack.730875c534343762.hot-update.js
2023-03-20 14:06:32 info: file:///f%3A/sf/anypos/.next/static/webpack/webpack.7557e5c2ac7943a5.hot-update.js
2023-03-20 14:06:32 info: file:///f%3A/sf/anypos/.next/static/webpack/webpack.76ae09b73651722a.hot-update.js
2023-03-20 14:06:32 info: file:///f%3A/sf/anypos/.next/static/webpack/webpack.77ca96ea39f26a6d.hot-update.js
2023-03-20 14:06:32 info: file:///f%3A/sf/anypos/.next/static/webpack/webpack.7b88077599b8baae.hot-update.js
2023-03-20 14:06:32 info: file:///f%3A/sf/anypos/.next/static/webpack/webpack.7bbde72d807e5009.hot-update.js
2023-03-20 14:06:32 info: file:///f%3A/sf/anypos/.next/static/webpack/webpack.8240293e675950ef.hot-update.js
2023-03-20 14:06:32 info: file:///f%3A/sf/anypos/.next/static/webpack/webpack.874eaa3c47ecfada.hot-update.js
2023-03-20 14:06:32 info: file:///f%3A/sf/anypos/.next/static/webpack/webpack.89edda3ade5dfd05.hot-update.js
2023-03-20 14:06:32 info: file:///f%3A/sf/anypos/.next/static/webpack/webpack.9351cd3273bc1114.hot-update.js
2023-03-20 14:06:32 info: file:///f%3A/sf/anypos/.next/static/webpack/webpack.959b86eab5bc316f.hot-update.js
2023-03-20 14:06:32 info: file:///f%3A/sf/anypos/.next/static/webpack/webpack.9a8175d76f4af733.hot-update.js
2023-03-20 14:06:32 info: file:///f%3A/sf/anypos/.next/static/webpack/webpack.9be057205af4f11a.hot-update.js
2023-03-20 14:06:32 info: file:///f%3A/sf/anypos/.next/static/webpack/webpack.9be95fa85f78321a.hot-update.js
2023-03-20 14:06:32 info: file:///f%3A/sf/anypos/.next/static/webpack/webpack.a1dc420baa85bd74.hot-update.js
2023-03-20 14:06:32 info: file:///f%3A/sf/anypos/.next/static/webpack/webpack.a1e13e55912c93f5.hot-update.js
2023-03-20 14:06:32 info: file:///f%3A/sf/anypos/.next/static/webpack/webpack.a1ed24cbe88e7d20.hot-update.js
2023-03-20 14:06:32 info: file:///f%3A/sf/anypos/.next/static/webpack/webpack.a88adff310684c40.hot-update.js
2023-03-20 14:06:32 info: file:///f%3A/sf/anypos/.next/static/webpack/webpack.a92b3f7176c3c6c1.hot-update.js
2023-03-20 14:06:32 info: file:///f%3A/sf/anypos/.next/static/webpack/webpack.a9f815c2f18518ce.hot-update.js
2023-03-20 14:06:32 info: file:///f%3A/sf/anypos/.next/static/webpack/webpack.aa187720d68cd1b2.hot-update.js
2023-03-20 14:06:32 info: file:///f%3A/sf/anypos/.next/static/webpack/webpack.af22770f4681216b.hot-update.js
2023-03-20 14:06:32 info: file:///f%3A/sf/anypos/.next/static/webpack/webpack.b045b8248957eeb2.hot-update.js
2023-03-20 14:06:32 info: file:///f%3A/sf/anypos/.next/static/webpack/webpack.b164163451380308.hot-update.js
2023-03-20 14:06:32 info: file:///f%3A/sf/anypos/.next/static/webpack/webpack.b257c59615ad3e30.hot-update.js
2023-03-20 14:06:32 info: file:///f%3A/sf/anypos/.next/static/webpack/webpack.b9df080446ad6f2c.hot-update.js
2023-03-20 14:06:32 info: file:///f%3A/sf/anypos/.next/static/webpack/webpack.bacba144cebef8d0.hot-update.js
2023-03-20 14:06:32 info: file:///f%3A/sf/anypos/.next/static/webpack/webpack.c4e3ae97724ee79e.hot-update.js
2023-03-20 14:06:32 info: file:///f%3A/sf/anypos/.next/static/webpack/webpack.c62ab2ca7ee65eb8.hot-update.js
2023-03-20 14:06:32 info: file:///f%3A/sf/anypos/.next/static/webpack/webpack.c8cad75a9fb6617a.hot-update.js
2023-03-20 14:06:32 info: file:///f%3A/sf/anypos/.next/static/webpack/webpack.c97b96003bee19a2.hot-update.js
2023-03-20 14:06:32 info: file:///f%3A/sf/anypos/.next/static/webpack/webpack.ca653d24ffcfb314.hot-update.js
2023-03-20 14:06:32 info: file:///f%3A/sf/anypos/.next/static/webpack/webpack.cacf17cd7382c0e3.hot-update.js
2023-03-20 14:06:32 info: file:///f%3A/sf/anypos/.next/static/webpack/webpack.cae8cc0bece70422.hot-update.js
2023-03-20 14:06:32 info: file:///f%3A/sf/anypos/.next/static/webpack/webpack.cdc78bac745caddb.hot-update.js
2023-03-20 14:06:32 info: file:///f%3A/sf/anypos/.next/static/webpack/webpack.cf7d0027e5abdb81.hot-update.js
2023-03-20 14:06:32 info: file:///f%3A/sf/anypos/.next/static/webpack/webpack.dc86e40afb4acafe.hot-update.js
2023-03-20 14:06:32 info: file:///f%3A/sf/anypos/.next/static/webpack/webpack.e0d1ed4b5528cf70.hot-update.js
2023-03-20 14:06:32 info: file:///f%3A/sf/anypos/.next/static/webpack/webpack.e19c645127ba4999.hot-update.js
2023-03-20 14:06:32 info: file:///f%3A/sf/anypos/.next/static/webpack/webpack.e5158301b251d190.hot-update.js
2023-03-20 14:06:32 info: file:///f%3A/sf/anypos/.next/static/webpack/webpack.e5e02ce883aba1ff.hot-update.js
2023-03-20 14:06:32 info: file:///f%3A/sf/anypos/.next/static/webpack/webpack.e80e5c6a5a69beb4.hot-update.js
2023-03-20 14:06:32 info: file:///f%3A/sf/anypos/.next/static/webpack/webpack.e8309e7a3a08047b.hot-update.js
2023-03-20 14:06:32 info: file:///f%3A/sf/anypos/.next/static/webpack/webpack.f40da22aec705173.hot-update.js
2023-03-20 14:06:32 info: file:///f%3A/sf/anypos/.next/static/webpack/webpack.f7b627a8d8e59d48.hot-update.js
2023-03-20 14:06:32 info: file:///f%3A/sf/anypos/.next/static/webpack/webpack.f9055fd1f850285a.hot-update.js
2023-03-20 14:06:32 info: file:///f%3A/sf/anypos/.next/static/webpack/webpack.f98fef544146b5af.hot-update.js
2023-03-20 14:06:32 info: file:///f%3A/sf/anypos/.next/static/webpack/webpack.f9a8a5509aaa0579.hot-update.js
2023-03-20 14:06:32 info: file:///f%3A/sf/anypos/.next/static/webpack/webpack.fba03f77eb0d8797.hot-update.js
2023-03-20 14:06:32 info: file:///f%3A/sf/anypos/.next/static/webpack/webpack.fd6629f9bd49df1d.hot-update.js
2023-03-20 14:06:32 info: file:///f%3A/sf/anypos/.next/static/webpack/webpack.feaceec0c83e7827.hot-update.js
2023-03-20 14:06:32 info: file:///f%3A/sf/anypos/.next/static/webpack/e8309e7a3a08047b.webpack.hot-update.json
2023-03-20 14:06:32 info: file:///f%3A/sf/anypos/.next/static/webpack/f40da22aec705173.webpack.hot-update.json
2023-03-20 14:06:32 info: file:///f%3A/sf/anypos/.next/static/webpack/f7b627a8d8e59d48.webpack.hot-update.json
2023-03-20 14:06:32 info: file:///f%3A/sf/anypos/.next/static/webpack/f9055fd1f850285a.webpack.hot-update.json
2023-03-20 14:06:32 info: file:///f%3A/sf/anypos/.next/static/webpack/f98fef544146b5af.webpack.hot-update.json
2023-03-20 14:06:32 info: file:///f%3A/sf/anypos/.next/static/webpack/f9a8a5509aaa0579.webpack.hot-update.json
2023-03-20 14:06:32 info: file:///f%3A/sf/anypos/.next/static/webpack/fba03f77eb0d8797.webpack.hot-update.json
2023-03-20 14:06:32 info: file:///f%3A/sf/anypos/.next/static/webpack/fd6629f9bd49df1d.webpack.hot-update.json
2023-03-20 14:06:32 info: file:///f%3A/sf/anypos/.next/static/webpack/feaceec0c83e7827.webpack.hot-update.json
2023-03-20 14:06:32 info: file:///f%3A/sf/anypos/.next/static/webpack/pages/_app.0043b229c7aa193d.hot-update.js
2023-03-20 14:06:32 info: file:///f%3A/sf/anypos/.next/static/webpack/pages/_app.03544e41884598c9.hot-update.js
2023-03-20 14:06:32 info: file:///f%3A/sf/anypos/.next/static/webpack/pages/_app.04968fa35fa6634e.hot-update.js
2023-03-20 14:06:32 info: file:///f%3A/sf/anypos/.next/static/webpack/pages/_app.06d8ca739fe31426.hot-update.js
2023-03-20 14:06:32 info: file:///f%3A/sf/anypos/.next/static/webpack/pages/_app.0a07418210a9e5de.hot-update.js
2023-03-20 14:06:32 info: file:///f%3A/sf/anypos/.next/static/webpack/pages/_app.1596d5c34dc5d955.hot-update.js
2023-03-20 14:06:32 info: file:///f%3A/sf/anypos/.next/static/webpack/pages/_app.15ac823192399b1c.hot-update.js
2023-03-20 14:06:32 info: file:///f%3A/sf/anypos/.next/static/webpack/pages/_app.184c30480f226e0c.hot-update.js
2023-03-20 14:06:32 info: file:///f%3A/sf/anypos/.next/static/webpack/pages/_app.1ec7ae9852725cf4.hot-update.js
2023-03-20 14:06:32 info: file:///f%3A/sf/anypos/.next/static/webpack/pages/_app.22bd6d5eb1ec887c.hot-update.js
2023-03-20 14:06:32 info: file:///f%3A/sf/anypos/.next/static/webpack/pages/_app.26fb62dae07fbabb.hot-update.js
2023-03-20 14:06:32 info: file:///f%3A/sf/anypos/.next/static/webpack/pages/_app.2902f65e12702169.hot-update.js
2023-03-20 14:06:32 info: file:///f%3A/sf/anypos/.next/static/webpack/pages/_app.291eade94ce8d6a4.hot-update.js
2023-03-20 14:06:32 info: file:///f%3A/sf/anypos/.next/static/webpack/pages/_app.2c8ede6a78c3739b.hot-update.js
2023-03-20 14:06:32 info: file:///f%3A/sf/anypos/.next/static/webpack/pages/_app.2f5f484580256bec.hot-update.js
2023-03-20 14:06:32 info: file:///f%3A/sf/anypos/.next/static/webpack/pages/_app.30d18b9978c03f60.hot-update.js
2023-03-20 14:06:32 info: file:///f%3A/sf/anypos/.next/static/webpack/pages/_app.3462862076793224.hot-update.js
2023-03-20 14:06:32 info: file:///f%3A/sf/anypos/.next/static/webpack/pages/index.3462862076793224.hot-update.js
2023-03-20 14:06:32 info: file:///f%3A/sf/anypos/.next/static/webpack/pages/index.a92b3f7176c3c6c1.hot-update.js
2023-03-20 14:06:32 info: file:///f%3A/sf/anypos/.next/static/webpack/pages/index.e8309e7a3a08047b.hot-update.js
2023-03-20 14:06:32 info: file:///f%3A/sf/anypos/.next/static/webpack/pages/index.fba03f77eb0d8797.hot-update.js
2023-03-20 14:06:32 info: file:///f%3A/sf/anypos/.next/server
2023-03-20 14:06:32 info: file:///f%3A/sf/anypos/.next/static
2023-03-20 14:06:32 error: SQLITE_ERROR: no such table: issues
2023-03-20 14:06:32 error: SQLITE_ERROR: no such table: issues
2023-03-20 14:06:32 error: SQLITE_ERROR: no such table: issues
2023-03-20 14:06:32 error: SQLITE_ERROR: no such table: issues
2023-03-20 14:06:32 error: SQLITE_ERROR: no such table: issues
2023-03-20 14:06:32 error: SQLITE_ERROR: no such table: issues
2023-03-20 14:06:32 error: SQLITE_ERROR: no such table: issues
2023-03-20 14:06:32 error: SQLITE_ERROR: no such table: issues
2023-03-20 14:06:32 error: SQLITE_ERROR: no such table: issues
2023-03-20 14:06:32 error: SQLITE_ERROR: no such table: issues
2023-03-20 14:06:32 error: SQLITE_ERROR: no such table: issues
2023-03-20 14:06:32 error: SQLITE_ERROR: no such table: issues
2023-03-20 14:06:32 error: SQLITE_ERROR: no such table: issues
2023-03-20 14:06:32 error: SQLITE_ERROR: no such table: issues
2023-03-20 14:06:32 error: SQLITE_ERROR: no such table: issues
2023-03-20 14:06:32 error: SQLITE_ERROR: no such table: issues
2023-03-20 14:06:32 error: SQLITE_ERROR: no such table: issues
2023-03-20 14:06:32 error: SQLITE_ERROR: no such table: issues
2023-03-20 14:06:32 error: SQLITE_ERROR: no such table: issues
2023-03-20 14:06:32 error: SQLITE_ERROR: no such table: issues
2023-03-20 14:06:32 error: SQLITE_ERROR: no such table: issues
2023-03-20 14:06:32 error: SQLITE_ERROR: no such table: issues
2023-03-20 14:06:32 error: SQLITE_ERROR: no such table: issues
2023-03-20 14:06:32 error: SQLITE_ERROR: no such table: issues
2023-03-20 14:06:32 error: SQLITE_ERROR: no such table: issues
2023-03-20 14:06:32 error: SQLITE_ERROR: no such table: issues
2023-03-20 14:06:32 error: SQLITE_ERROR: no such table: issues
2023-03-20 14:06:32 error: SQLITE_ERROR: no such table: issues
2023-03-20 14:06:32 error: SQLITE_ERROR: no such table: issues
2023-03-20 14:06:32 error: SQLITE_ERROR: no such table: issues
2023-03-20 14:06:32 error: SQLITE_ERROR: no such table: issues
2023-03-20 14:06:32 error: SQLITE_ERROR: no such table: issues
2023-03-20 14:06:32 error: SQLITE_ERROR: no such table: issues
2023-03-20 14:06:32 error: SQLITE_ERROR: no such table: issues
2023-03-20 14:06:32 error: SQLITE_ERROR: no such table: issues
2023-03-20 14:06:32 error: SQLITE_ERROR: no such table: issues
2023-03-20 14:06:32 error: SQLITE_ERROR: no such table: issues
2023-03-20 14:06:32 error: SQLITE_ERROR: no such table: issues
2023-03-20 14:06:32 error: SQLITE_ERROR: no such table: issues
2023-03-20 14:06:32 error: SQLITE_ERROR: no such table: issues
2023-03-20 14:06:32 error: SQLITE_ERROR: no such table: issues
2023-03-20 14:06:32 error: SQLITE_ERROR: no such table: issues
2023-03-20 14:06:32 error: SQLITE_ERROR: no such table: issues
2023-03-20 14:06:32 error: SQLITE_ERROR: no such table: issues
2023-03-20 14:06:32 error: SQLITE_ERROR: no such table: issues
2023-03-20 14:06:32 error: SQLITE_ERROR: no such table: issues
2023-03-20 14:06:32 error: SQLITE_ERROR: no such table: issues
2023-03-20 14:06:32 error: SQLITE_ERROR: no such table: issues
2023-03-20 14:06:32 error: SQLITE_ERROR: no such table: issues
2023-03-20 14:06:32 error: SQLITE_ERROR: no such table: issues
2023-03-20 14:06:32 error: SQLITE_ERROR: no such table: issues
2023-03-20 14:06:32 error: SQLITE_ERROR: no such table: issues
2023-03-20 14:06:32 error: SQLITE_ERROR: no such table: issues
2023-03-20 14:06:32 error: SQLITE_ERROR: no such table: issues
2023-03-20 14:06:32 error: SQLITE_ERROR: no such table: issues
2023-03-20 14:06:32 error: SQLITE_ERROR: no such table: issues
2023-03-20 14:06:32 error: SQLITE_ERROR: no such table: issues
2023-03-20 14:06:32 error: SQLITE_ERROR: no such table: issues
2023-03-20 14:06:32 error: SQLITE_ERROR: no such table: issues
2023-03-20 14:06:32 error: SQLITE_ERROR: no such table: issues
2023-03-20 14:06:32 error: SQLITE_ERROR: no such table: issues
2023-03-20 14:06:32 error: SQLITE_ERROR: no such table: issues
2023-03-20 14:06:32 error: SQLITE_ERROR: no such table: issues
2023-03-20 14:06:32 error: SQLITE_ERROR: no such table: issues
2023-03-20 14:06:32 error: SQLITE_ERROR: no such table: issues
2023-03-20 14:06:32 error: SQLITE_ERROR: no such table: issues
2023-03-20 14:06:32 error: SQLITE_ERROR: no such table: issues
2023-03-20 14:06:32 error: SQLITE_ERROR: no such table: issues
2023-03-20 14:06:32 error: SQLITE_ERROR: no such table: issues
2023-03-20 14:06:32 error: SQLITE_ERROR: no such table: issues
2023-03-20 14:06:32 error: SQLITE_ERROR: no such table: issues
2023-03-20 14:06:32 error: SQLITE_ERROR: no such table: issues
2023-03-20 14:06:32 error: SQLITE_ERROR: no such table: issues
2023-03-20 14:06:32 error: SQLITE_ERROR: no such table: issues
2023-03-20 14:06:32 error: SQLITE_ERROR: no such table: issues
2023-03-20 14:06:32 error: SQLITE_ERROR: no such table: issues
2023-03-20 14:06:32 error: SQLITE_ERROR: no such table: issues
2023-03-20 14:06:32 error: SQLITE_ERROR: no such table: issues
2023-03-20 14:06:32 error: SQLITE_ERROR: no such table: issues
2023-03-20 14:06:32 error: SQLITE_ERROR: no such table: issues
2023-03-20 14:06:32 error: SQLITE_ERROR: no such table: issues
2023-03-20 14:06:32 error: SQLITE_ERROR: no such table: issues
2023-03-20 14:06:32 error: SQLITE_ERROR: no such table: issues
2023-03-20 14:06:32 error: SQLITE_ERROR: no such table: issues
2023-03-20 14:06:32 error: SQLITE_ERROR: no such table: issues
2023-03-20 14:06:32 error: SQLITE_ERROR: no such table: issues
2023-03-20 14:06:32 error: SQLITE_ERROR: no such table: issues
2023-03-20 14:06:32 error: SQLITE_ERROR: no such table: issues
2023-03-20 14:06:32 error: SQLITE_ERROR: no such table: issues
2023-03-20 14:06:32 error: SQLITE_ERROR: no such table: issues
2023-03-20 14:06:32 error: SQLITE_ERROR: no such table: issues
2023-03-20 14:06:32 error: SQLITE_ERROR: no such table: issues
2023-03-20 14:06:32 error: SQLITE_ERROR: no such table: issues
2023-03-20 14:06:32 error: SQLITE_ERROR: no such table: issues
2023-03-20 14:06:32 error: SQLITE_ERROR: no such table: issues
2023-03-20 14:06:32 error: SQLITE_ERROR: no such table: issues
2023-03-20 14:06:32 error: SQLITE_ERROR: no such table: issues
2023-03-20 14:06:32 error: SQLITE_ERROR: no such table: issues
2023-03-20 14:06:32 error: SQLITE_ERROR: no such table: issues
2023-03-20 14:06:32 error: SQLITE_ERROR: no such table: issues
2023-03-20 14:06:32 error: SQLITE_ERROR: no such table: issues
2023-03-20 14:06:32 error: SQLITE_ERROR: no such table: issues
2023-03-20 14:06:32 error: SQLITE_ERROR: no such table: issues
2023-03-20 14:06:32 error: SQLITE_ERROR: no such table: issues
2023-03-20 14:06:32 error: SQLITE_ERROR: no such table: issues
2023-03-20 14:06:32 error: SQLITE_ERROR: no such table: issues
2023-03-20 14:06:32 error: SQLITE_ERROR: no such table: issues
2023-03-20 14:06:32 error: SQLITE_ERROR: no such table: issues
2023-03-20 14:06:32 error: SQLITE_ERROR: no such table: issues
2023-03-20 14:06:32 error: SQLITE_ERROR: no such table: issues
2023-03-20 14:06:32 error: SQLITE_ERROR: no such table: issues
2023-03-20 14:06:32 error: SQLITE_ERROR: no such table: issues
2023-03-20 14:06:32 error: SQLITE_ERROR: no such table: issues
2023-03-20 14:06:32 error: SQLITE_ERROR: no such table: issues
2023-03-20 14:06:32 error: SQLITE_ERROR: no such table: issues
2023-03-20 14:06:32 error: SQLITE_ERROR: no such table: issues
2023-03-20 14:06:32 error: SQLITE_ERROR: no such table: issues
2023-03-20 14:06:32 error: SQLITE_ERROR: no such table: issues
2023-03-20 14:06:32 error: SQLITE_ERROR: no such table: issues
2023-03-20 14:06:32 error: SQLITE_ERROR: no such table: issues
2023-03-20 14:06:32 error: SQLITE_ERROR: no such table: issues
2023-03-20 14:06:32 error: SQLITE_ERROR: no such table: issues
2023-03-20 14:06:32 error: SQLITE_ERROR: no such table: issues
2023-03-20 14:06:32 error: SQLITE_ERROR: no such table: issues
2023-03-20 14:06:32 error: SQLITE_ERROR: no such table: issues
2023-03-20 14:06:32 error: SQLITE_ERROR: no such table: issues
2023-03-20 14:06:32 error: SQLITE_ERROR: no such table: issues
2023-03-20 14:06:32 error: SQLITE_ERROR: no such table: issues
2023-03-20 14:06:32 error: SQLITE_ERROR: no such table: issues
2023-03-20 14:06:32 error: SQLITE_ERROR: no such table: issues
2023-03-20 14:06:32 error: SQLITE_ERROR: no such table: issues
2023-03-20 14:06:32 error: SQLITE_ERROR: no such table: issues
2023-03-20 14:06:32 error: SQLITE_ERROR: no such table: issues
2023-03-20 14:06:32 error: SQLITE_ERROR: no such table: issues
2023-03-20 14:06:32 error: SQLITE_ERROR: no such table: issues
2023-03-20 14:06:32 error: SQLITE_ERROR: no such table: issues
2023-03-20 14:06:32 error: SQLITE_ERROR: no such table: issues
2023-03-20 14:06:32 error: SQLITE_ERROR: no such table: issues
2023-03-20 14:06:32 error: SQLITE_ERROR: no such table: issues
2023-03-20 14:06:32 error: SQLITE_ERROR: no such table: issues
2023-03-20 14:06:32 error: SQLITE_ERROR: no such table: issues
2023-03-20 14:06:32 error: SQLITE_ERROR: no such table: issues
2023-03-20 14:06:32 error: SQLITE_ERROR: no such table: issues
2023-03-20 14:06:32 error: SQLITE_ERROR: no such table: issues
2023-03-20 14:06:32 error: SQLITE_ERROR: no such table: issues
2023-03-20 14:06:32 error: SQLITE_ERROR: no such table: issues
2023-03-20 14:06:32 error: SQLITE_ERROR: no such table: issues
2023-03-20 14:06:32 error: SQLITE_ERROR: no such table: issues
2023-03-20 14:06:32 error: SQLITE_ERROR: no such table: issues
2023-03-20 14:06:32 error: SQLITE_ERROR: no such table: issues
2023-03-20 14:06:32 error: SQLITE_ERROR: no such table: issues
2023-03-20 14:06:32 error: SQLITE_ERROR: no such table: issues
2023-03-20 14:06:32 error: SQLITE_ERROR: no such table: issues
2023-03-20 14:06:32 error: SQLITE_ERROR: no such table: issues
2023-03-20 14:06:32 error: SQLITE_ERROR: no such table: issues
2023-03-20 14:06:32 error: SQLITE_ERROR: no such table: issues
2023-03-20 14:06:32 error: SQLITE_ERROR: no such table: issues
2023-03-20 14:06:32 error: SQLITE_ERROR: no such table: issues
2023-03-20 14:06:32 error: SQLITE_ERROR: no such table: issues
2023-03-20 14:06:32 error: SQLITE_ERROR: no such table: issues
2023-03-20 14:06:32 error: SQLITE_ERROR: no such table: issues
2023-03-20 14:06:32 error: SQLITE_ERROR: no such table: issues
2023-03-20 14:06:32 error: SQLITE_ERROR: no such table: issues
2023-03-20 14:06:32 error: SQLITE_ERROR: no such table: issues
2023-03-20 14:06:32 error: SQLITE_ERROR: no such table: issues
2023-03-20 14:06:32 error: SQLITE_ERROR: no such table: issues
2023-03-20 14:06:32 error: SQLITE_ERROR: no such table: issues
2023-03-20 14:06:32 error: SQLITE_ERROR: no such table: issues
2023-03-20 14:06:32 error: SQLITE_ERROR: no such table: issues
2023-03-20 14:06:32 error: SQLITE_ERROR: no such table: issues
2023-03-20 14:06:32 error: SQLITE_ERROR: no such table: issues
2023-03-20 14:06:32 error: SQLITE_ERROR: no such table: issues
2023-03-20 14:06:32 error: SQLITE_ERROR: no such table: issues
2023-03-20 14:06:32 error: SQLITE_ERROR: no such table: issues
2023-03-20 14:06:32 error: SQLITE_ERROR: no such table: issues
2023-03-20 14:06:32 error: SQLITE_ERROR: no such table: issues
2023-03-20 14:06:32 error: SQLITE_ERROR: no such table: issues
2023-03-20 14:06:32 error: SQLITE_ERROR: no such table: issues
2023-03-20 14:06:32 error: SQLITE_ERROR: no such table: issues
2023-03-20 14:06:32 error: SQLITE_ERROR: no such table: issues
2023-03-20 14:06:32 error: SQLITE_ERROR: no such table: issues
2023-03-20 14:06:32 error: SQLITE_ERROR: no such table: issues
2023-03-20 14:06:32 error: SQLITE_ERROR: no such table: issues
2023-03-20 14:06:32 error: SQLITE_ERROR: no such table: issues
2023-03-20 14:06:32 error: SQLITE_ERROR: no such table: issues
2023-03-20 14:06:32 error: SQLITE_ERROR: no such table: issues
2023-03-20 14:06:32 error: SQLITE_ERROR: no such table: issues
2023-03-20 14:06:32 error: SQLITE_ERROR: no such table: issues
2023-03-20 14:06:32 error: SQLITE_ERROR: no such table: issues
2023-03-20 14:06:32 error: SQLITE_ERROR: no such table: issues
2023-03-20 14:06:32 error: SQLITE_ERROR: no such table: issues
2023-03-20 14:06:32 error: SQLITE_ERROR: no such table: issues
2023-03-20 14:06:32 error: SQLITE_ERROR: no such table: issues
2023-03-20 14:06:32 error: SQLITE_ERROR: no such table: issues
2023-03-20 14:06:32 error: SQLITE_ERROR: no such table: issues
2023-03-20 14:06:32 error: SQLITE_ERROR: no such table: issues
2023-03-20 14:06:32 error: SQLITE_ERROR: no such table: issues
2023-03-20 14:06:32 error: SQLITE_ERROR: no such table: issues
2023-03-20 14:06:32 error: SQLITE_ERROR: no such table: issues
2023-03-20 14:06:32 error: SQLITE_ERROR: no such table: issues
2023-03-20 14:06:32 error: SQLITE_ERROR: no such table: issues
2023-03-20 14:06:32 error: SQLITE_ERROR: no such table: issues
2023-03-20 14:06:32 error: SQLITE_ERROR: no such table: issues
2023-03-20 14:06:32 error: SQLITE_ERROR: no such table: issues
2023-03-20 14:06:32 error: SQLITE_ERROR: no such table: issues
2023-03-20 14:06:32 error: SQLITE_ERROR: no such table: issues
2023-03-20 14:06:32 error: SQLITE_ERROR: no such table: issues
2023-03-20 14:06:32 error: SQLITE_ERROR: no such table: issues
2023-03-20 14:06:32 error: SQLITE_ERROR: no such table: issues
2023-03-20 14:06:32 error: SQLITE_ERROR: no such table: issues
2023-03-20 14:06:32 error: SQLITE_ERROR: no such table: issues
2023-03-20 14:06:32 error: SQLITE_ERROR: no such table: issues
2023-03-20 14:06:32 error: SQLITE_ERROR: no such table: issues
2023-03-20 14:06:32 error: SQLITE_ERROR: no such table: issues
2023-03-20 14:06:32 error: SQLITE_ERROR: no such table: issues
2023-03-20 14:06:32 error: SQLITE_ERROR: no such table: issues
2023-03-20 14:06:32 error: SQLITE_ERROR: no such table: issues
2023-03-20 14:06:32 error: SQLITE_ERROR: no such table: issues
2023-03-20 14:06:32 error: SQLITE_ERROR: no such table: issues
2023-03-20 14:06:32 error: SQLITE_ERROR: no such table: issues
2023-03-20 14:06:32 error: SQLITE_ERROR: no such table: issues
2023-03-20 14:06:32 error: SQLITE_ERROR: no such table: issues
2023-03-20 14:06:32 error: SQLITE_ERROR: no such table: issues
2023-03-20 14:06:32 error: SQLITE_ERROR: no such table: issues
2023-03-20 14:06:32 error: SQLITE_ERROR: no such table: issues
2023-03-20 14:06:32 error: SQLITE_ERROR: no such table: issues
2023-03-20 14:06:32 error: SQLITE_ERROR: no such table: issues
2023-03-20 14:06:32 error: SQLITE_ERROR: no such table: issues
2023-03-20 14:06:32 error: SQLITE_ERROR: no such table: issues
2023-03-20 14:06:32 error: SQLITE_ERROR: no such table: issues
2023-03-20 14:06:32 error: SQLITE_ERROR: no such table: issues
2023-03-20 14:06:32 error: SQLITE_ERROR: no such table: issues
2023-03-20 14:06:32 error: SQLITE_ERROR: no such table: issues
2023-03-20 14:06:32 error: SQLITE_ERROR: no such table: issues
2023-03-20 14:06:32 error: SQLITE_ERROR: no such table: issues
2023-03-20 14:06:32 error: SQLITE_ERROR: no such table: issues
2023-03-20 14:06:32 error: SQLITE_ERROR: no such table: issues
2023-03-20 14:06:32 error: SQLITE_ERROR: no such table: issues
2023-03-20 14:06:32 error: SQLITE_ERROR: no such table: issues
2023-03-20 14:06:32 error: SQLITE_ERROR: no such table: issues
2023-03-20 14:06:32 error: SQLITE_ERROR: no such table: issues
2023-03-20 14:06:32 error: SQLITE_ERROR: no such table: issues
2023-03-20 14:06:32 error: SQLITE_ERROR: no such table: issues
2023-03-20 14:06:32 error: SQLITE_ERROR: no such table: issues
2023-03-20 14:06:32 error: SQLITE_ERROR: no such table: issues
2023-03-20 14:06:32 error: SQLITE_ERROR: no such table: issues
2023-03-20 14:06:32 error: SQLITE_ERROR: no such table: issues
2023-03-20 14:06:32 error: SQLITE_ERROR: no such table: issues
2023-03-20 14:06:32 error: SQLITE_ERROR: no such table: issues
2023-03-20 14:06:32 error: SQLITE_ERROR: no such table: issues
2023-03-20 14:06:32 error: SQLITE_ERROR: no such table: issues
2023-03-20 14:06:32 error: SQLITE_ERROR: no such table: issues
2023-03-20 14:06:32 error: SQLITE_ERROR: no such table: issues
2023-03-20 14:06:32 error: SQLITE_ERROR: no such table: issues
2023-03-20 14:06:32 error: SQLITE_ERROR: no such table: issues
2023-03-20 14:06:41 info: file:///f%3A/sf/anypos/.next/cache/webpack/client-development/2.pack_
2023-03-20 14:06:41 info: file:///f%3A/sf/anypos/.next/cache/webpack/client-development/8.pack_
2023-03-20 14:06:41 info: file:///f%3A/sf/anypos/.next/cache/webpack/client-development/12.pack_
2023-03-20 14:06:41 info: file:///f%3A/sf/anypos/.next/cache/webpack/client-development/15.pack_
2023-03-20 14:06:41 info: file:///f%3A/sf/anypos/.next/cache/webpack/client-development/index.pack_
2023-03-20 14:06:41 error: SQLITE_ERROR: no such table: issues
2023-03-20 14:06:41 error: SQLITE_ERROR: no such table: issues
2023-03-20 14:06:41 error: SQLITE_ERROR: no such table: issues
2023-03-20 14:06:41 error: SQLITE_ERROR: no such table: issues
2023-03-20 14:06:41 error: SQLITE_ERROR: no such table: issues
2023-03-20 14:06:44 info: file:///f%3A/sf/anypos/.next/cache/webpack/server-development/5.pack_
2023-03-20 14:06:44 error: SQLITE_ERROR: no such table: issues
2023-03-20 14:31:57 info: file:///f%3A/sf/anypos/.next/cache/webpack/client-development/0.pack_
2023-03-20 14:31:57 info: file:///f%3A/sf/anypos/.next/cache/webpack/client-development/2.pack_
2023-03-20 14:31:57 info: file:///f%3A/sf/anypos/.next/cache/webpack/server-development/1.pack_
2023-03-20 14:31:57 info: file:///f%3A/sf/anypos/.next/cache/webpack/server-development/7.pack_
2023-03-20 14:31:57 info: file:///f%3A/sf/anypos/.next/cache/webpack/client-development/12.pack_
2023-03-20 14:31:57 info: file:///f%3A/sf/anypos/.next/cache/webpack/client-development/14.pack_
2023-03-20 14:31:57 info: file:///f%3A/sf/anypos/.next/cache/webpack/client-development/15.pack_
2023-03-20 14:31:57 info: file:///f%3A/sf/anypos/.next/cache/webpack/client-development/17.pack_
2023-03-20 14:31:57 info: file:///f%3A/sf/anypos/.next/cache/webpack/client-development/18.pack_
2023-03-20 14:31:57 info: file:///f%3A/sf/anypos/.next/cache/webpack/client-development/index.pack_
2023-03-20 14:31:58 error: SQLITE_ERROR: no such table: issues
2023-03-20 14:31:58 error: SQLITE_ERROR: no such table: issues
2023-03-20 14:31:58 error: SQLITE_ERROR: no such table: issues
2023-03-20 14:31:58 error: SQLITE_ERROR: no such table: issues
2023-03-20 14:31:58 error: SQLITE_ERROR: no such table: issues
2023-03-20 14:31:58 error: SQLITE_ERROR: no such table: issues
2023-03-20 14:31:58 error: SQLITE_ERROR: no such table: issues
2023-03-20 14:31:58 error: SQLITE_ERROR: no such table: issues
2023-03-20 14:31:58 error: SQLITE_ERROR: no such table: issues
2023-03-20 14:31:58 error: SQLITE_ERROR: no such table: issues
2023-03-20 14:33:33 info: file:///f%3A/sf/anypos/.next/cache/webpack/client-development/2.pack_
2023-03-20 14:33:33 info: file:///f%3A/sf/anypos/.next/cache/webpack/client-development/17.pack_
2023-03-20 14:33:33 error: SQLITE_ERROR: no such table: issues
2023-03-20 14:33:33 error: SQLITE_ERROR: no such table: issues
2023-03-20 14:34:08 info: file:///f%3A/sf/anypos/.next/cache/webpack/client-development/1.pack_
2023-03-20 14:34:08 error: SQLITE_ERROR: no such table: issues
2023-03-20 14:34:22 info: file:///f%3A/sf/anypos/.next/cache/webpack/client-development/1.pack_
2023-03-20 14:34:22 error: SQLITE_ERROR: no such table: issues
2023-03-20 14:35:21 info: file:///f%3A/sf/anypos/.next/cache/webpack/server-development/3.pack_
2023-03-20 14:35:21 info: file:///f%3A/sf/anypos/.next/cache/webpack/server-development/index.pack_
2023-03-20 14:35:21 error: SQLITE_ERROR: no such table: issues
2023-03-20 14:35:21 error: SQLITE_ERROR: no such table: issues
2023-03-20 14:35:22 info: file:///f%3A/sf/anypos/.next/cache/webpack/client-development/1.pack_
2023-03-20 14:35:22 error: SQLITE_ERROR: no such table: issues
2023-03-20 14:35:30 info: file:///f%3A/sf/anypos/.next/cache/webpack/client-development/1.pack_
2023-03-20 14:35:30 error: SQLITE_ERROR: no such table: issues
2023-03-20 14:35:39 info: file:///f%3A/sf/anypos/.next/cache/webpack/client-development/1.pack_
2023-03-20 14:35:39 error: SQLITE_ERROR: no such table: issues
2023-03-20 14:36:16 info: file:///f%3A/sf/anypos/.next/cache/webpack/server-development/3.pack_
2023-03-20 14:36:16 error: SQLITE_ERROR: no such table: issues
2023-03-20 14:36:23 info: file:///f%3A/sf/anypos/.next/cache/webpack/client-development/0.pack_
2023-03-20 14:36:23 info: file:///f%3A/sf/anypos/.next/cache/webpack/client-development/1.pack_
2023-03-20 14:36:23 info: file:///f%3A/sf/anypos/.next/cache/webpack/client-development/2.pack_
2023-03-20 14:36:23 info: file:///f%3A/sf/anypos/.next/cache/webpack/client-development/index.pack_
2023-03-20 14:36:23 error: SQLITE_ERROR: no such table: issues
2023-03-20 14:36:23 error: SQLITE_ERROR: no such table: issues
2023-03-20 14:36:23 error: SQLITE_ERROR: no such table: issues
2023-03-20 14:36:23 error: SQLITE_ERROR: no such table: issues
2023-03-20 14:36:27 info: file:///f%3A/sf/anypos/.next/cache/webpack/client-development/1.pack_
2023-03-20 14:36:27 error: SQLITE_ERROR: no such table: issues
2023-03-20 14:36:35 info: file:///f%3A/sf/anypos/.next/cache/webpack/client-development/1.pack_
2023-03-20 14:36:35 error: SQLITE_ERROR: no such table: issues
2023-03-20 14:37:07 info: file:///f%3A/sf/anypos/.next/cache/webpack/client-development/1.pack_
2023-03-20 14:37:07 info: file:///f%3A/sf/anypos/.next/cache/webpack/client-development/index.pack_
2023-03-20 14:37:07 error: SQLITE_ERROR: no such table: issues
2023-03-20 14:37:07 error: SQLITE_ERROR: no such table: issues
2023-03-20 14:37:59 info: file:///f%3A/sf/anypos/.next/cache/webpack/client-development/1.pack_
2023-03-20 14:37:59 error: SQLITE_ERROR: no such table: issues
2023-03-20 14:38:14 info: file:///f%3A/sf/anypos/.next/cache/webpack/server-development/3.pack_
2023-03-20 14:38:14 error: SQLITE_ERROR: no such table: issues
2023-03-20 14:38:15 info: file:///f%3A/sf/anypos/.next/cache/webpack/client-development/1.pack_
2023-03-20 14:38:15 error: SQLITE_ERROR: no such table: issues
2023-03-20 14:39:16 info: file:///f%3A/sf/anypos/.next/cache/webpack/server-development/4.pack_
2023-03-20 14:39:16 error: SQLITE_ERROR: no such table: issues
2023-03-20 14:39:50 info: file:///f%3A/sf/anypos/.next/cache/webpack/client-development/1.pack_
2023-03-20 14:39:50 info: file:///f%3A/sf/anypos/.next/cache/webpack/client-development/2.pack_
2023-03-20 14:39:50 info: file:///f%3A/sf/anypos/.next/cache/webpack/client-development/3.pack_
2023-03-20 14:39:50 info: file:///f%3A/sf/anypos/.next/cache/webpack/client-development/8.pack_
2023-03-20 14:39:50 info: file:///f%3A/sf/anypos/.next/cache/webpack/client-development/index.pack_
2023-03-20 14:39:50 error: SQLITE_ERROR: no such table: issues
2023-03-20 14:39:50 error: SQLITE_ERROR: no such table: issues
2023-03-20 14:39:50 error: SQLITE_ERROR: no such table: issues
2023-03-20 14:39:50 error: SQLITE_ERROR: no such table: issues
2023-03-20 14:39:50 error: SQLITE_ERROR: no such table: issues
2023-03-20 14:40:47 info: file:///f%3A/sf/anypos/.next/cache/webpack/server-development/5.pack_
2023-03-20 14:40:47 error: SQLITE_ERROR: no such table: issues
2023-03-20 14:40:53 info: file:///f%3A/sf/anypos/.next/cache/webpack/client-development/3.pack_
2023-03-20 14:40:53 error: SQLITE_ERROR: no such table: issues
2023-03-20 14:40:58 info: file:///f%3A/sf/anypos/.next/cache/webpack/client-development/3.pack_
2023-03-20 14:40:58 info: file:///f%3A/sf/anypos/.next/cache/webpack/client-development/index.pack_
2023-03-20 14:40:58 error: SQLITE_ERROR: no such table: issues
2023-03-20 14:40:58 error: SQLITE_ERROR: no such table: issues
2023-03-20 14:41:57 info: file:///f%3A/sf/anypos/.next/cache/webpack/server-development/5.pack_
2023-03-20 14:41:57 info: file:///f%3A/sf/anypos/.next/cache/webpack/server-development/index.pack_
2023-03-20 14:41:57 error: SQLITE_ERROR: no such table: issues
2023-03-20 14:41:57 error: SQLITE_ERROR: no such table: issues
2023-03-20 14:42:06 info: file:///f%3A/sf/anypos/.next/cache/webpack/client-development/3.pack_
2023-03-20 14:42:06 error: SQLITE_ERROR: no such table: issues
2023-03-20 14:43:04 info: file:///f%3A/sf/anypos/.next/cache/webpack/server-development/5.pack_
2023-03-20 14:43:04 error: SQLITE_ERROR: no such table: issues
2023-03-20 14:43:25 info: file:///f%3A/sf/anypos/.next/cache/webpack/client-development/12.pack_
2023-03-20 14:43:25 error: SQLITE_ERROR: no such table: issues
2023-03-20 14:44:11 info: file:///f%3A/sf/anypos/.next/cache/webpack/client-development/3.pack_
2023-03-20 14:44:11 info: file:///f%3A/sf/anypos/.next/cache/webpack/client-development/12.pack_
2023-03-20 14:44:11 info: file:///f%3A/sf/anypos/.next/cache/webpack/client-development/index.pack_
2023-03-20 14:44:11 error: SQLITE_ERROR: no such table: issues
2023-03-20 14:44:11 error: SQLITE_ERROR: no such table: issues
2023-03-20 14:44:11 error: SQLITE_ERROR: no such table: issues
2023-03-20 14:45:11 info: file:///f%3A/sf/anypos/.next/cache/webpack/server-development/1.pack_
2023-03-20 14:45:11 info: file:///f%3A/sf/anypos/.next/cache/webpack/server-development/5.pack_
2023-03-20 14:45:11 info: file:///f%3A/sf/anypos/.next/cache/webpack/server-development/index.pack_
2023-03-20 14:45:11 error: SQLITE_ERROR: no such table: issues
2023-03-20 14:45:11 error: SQLITE_ERROR: no such table: issues
2023-03-20 14:45:11 error: SQLITE_ERROR: no such table: issues
2023-03-20 14:46:34 info: file:///f%3A/sf/anypos/.next/cache/webpack/client-development/1.pack_
2023-03-20 14:46:34 info: file:///f%3A/sf/anypos/.next/cache/webpack/client-development/3.pack_
2023-03-20 14:46:34 info: file:///f%3A/sf/anypos/.next/cache/webpack/client-development/8.pack_
2023-03-20 14:46:34 info: file:///f%3A/sf/anypos/.next/cache/webpack/client-development/14.pack_
2023-03-20 14:46:34 error: SQLITE_ERROR: no such table: issues
2023-03-20 14:46:34 error: SQLITE_ERROR: no such table: issues
2023-03-20 14:46:34 error: SQLITE_ERROR: no such table: issues
2023-03-20 14:46:34 error: SQLITE_ERROR: no such table: issues
2023-03-20 14:46:38 info: file:///f%3A/sf/anypos/.next/cache/webpack/client-development/1.pack_
2023-03-20 14:46:38 info: file:///f%3A/sf/anypos/.next/cache/webpack/client-development/index.pack_
2023-03-20 14:46:38 error: SQLITE_ERROR: no such table: issues
2023-03-20 14:46:38 error: SQLITE_ERROR: no such table: issues
2023-03-20 14:46:48 info: file:///f%3A/sf/anypos/.next/cache/webpack/client-development/1.pack_
2023-03-20 14:46:48 info: file:///f%3A/sf/anypos/.next/cache/webpack/client-development/index.pack_
2023-03-20 14:46:48 error: SQLITE_ERROR: no such table: issues
2023-03-20 14:46:48 error: SQLITE_ERROR: no such table: issues
2023-03-20 14:46:52 info: file:///f%3A/sf/anypos/.next/cache/webpack/client-development/1.pack_
2023-03-20 14:46:52 info: file:///f%3A/sf/anypos/.next/cache/webpack/client-development/15.pack_
2023-03-20 14:46:52 info: file:///f%3A/sf/anypos/.next/cache/webpack/client-development/index.pack_
2023-03-20 14:46:52 error: SQLITE_ERROR: no such table: issues
2023-03-20 14:46:52 error: SQLITE_ERROR: no such table: issues
2023-03-20 14:46:52 error: SQLITE_ERROR: no such table: issues
2023-03-20 14:47:07 info: file:///f%3A/sf/anypos/.next/cache/webpack/client-development/1.pack_
2023-03-20 14:47:07 error: SQLITE_ERROR: no such table: issues
2023-03-20 14:47:17 info: file:///f%3A/sf/anypos/.next/cache/webpack/client-development/1.pack_
2023-03-20 14:47:17 error: SQLITE_ERROR: no such table: issues
2023-03-20 14:47:26 info: file:///f%3A/sf/anypos/.next/cache/webpack/client-development/1.pack_
2023-03-20 14:47:26 error: SQLITE_ERROR: no such table: issues
2023-03-20 14:47:36 info: file:///f%3A/sf/anypos/.next/cache/webpack/client-development/1.pack_
2023-03-20 14:47:36 error: SQLITE_ERROR: no such table: issues
2023-03-20 14:48:22 info: file:///f%3A/sf/anypos/.next/cache/webpack/client-development/1.pack_
2023-03-20 14:48:22 error: SQLITE_ERROR: no such table: issues
2023-03-20 14:48:26 info: file:///f%3A/sf/anypos/.next/cache/webpack/client-development/15.pack_
2023-03-20 14:48:26 error: SQLITE_ERROR: no such table: issues
2023-03-20 14:48:32 info: file:///f%3A/sf/anypos/.next/cache/webpack/client-development/1.pack_
2023-03-20 14:48:32 error: SQLITE_ERROR: no such table: issues
2023-03-20 14:48:35 info: file:///f%3A/sf/anypos/.next/cache/webpack/client-development/1.pack_
2023-03-20 14:48:35 error: SQLITE_ERROR: no such table: issues
2023-03-20 14:48:54 info: file:///f%3A/sf/anypos/.next/cache/webpack/client-development/1.pack_
2023-03-20 14:48:54 error: SQLITE_ERROR: no such table: issues
2023-03-20 14:48:58 info: file:///f%3A/sf/anypos/.next/cache/webpack/client-development/1.pack_
2023-03-20 14:48:58 error: SQLITE_ERROR: no such table: issues
2023-03-20 14:49:06 info: file:///f%3A/sf/anypos/.next/cache/webpack/client-development/1.pack_
2023-03-20 14:49:06 info: file:///f%3A/sf/anypos/.next/cache/webpack/client-development/index.pack_
2023-03-20 14:49:06 error: SQLITE_ERROR: no such table: issues
2023-03-20 14:49:06 error: SQLITE_ERROR: no such table: issues
2023-03-20 14:49:25 info: file:///f%3A/sf/anypos/.next/cache/webpack/client-development/1.pack_
2023-03-20 14:49:25 error: SQLITE_ERROR: no such table: issues
2023-03-20 14:50:36 info: file:///f%3A/sf/anypos/.next/cache/webpack/client-development/index.pack
2023-03-20 14:50:37 error: SQLITE_ERROR: no such table: issues
2023-03-20 14:50:37 info: file:///f%3A/sf/anypos/.next/cache/webpack/client-development/index.pack_
2023-03-20 14:50:37 error: SQLITE_ERROR: no such table: issues
2023-03-20 14:50:57 info: file:///f%3A/sf/anypos/.next/cache/webpack/client-development/1.pack_
2023-03-20 14:50:57 error: SQLITE_ERROR: no such table: issues
2023-03-20 14:51:53 info: file:///f%3A/sf/anypos/.next/cache/webpack/server-development/3.pack_
2023-03-20 14:51:53 error: SQLITE_ERROR: no such table: issues
2023-03-20 14:52:41 info: file:///f%3A/sf/anypos/.next/cache/webpack/client-development/1.pack_
2023-03-20 14:52:41 info: file:///f%3A/sf/anypos/.next/cache/webpack/client-development/index.pack_
2023-03-20 14:52:41 error: SQLITE_ERROR: no such table: issues
2023-03-20 14:52:41 error: SQLITE_ERROR: no such table: issues
2023-03-20 14:52:46 info: file:///f%3A/sf/anypos/.next/cache/webpack/client-development/1.pack_
2023-03-20 14:52:46 error: SQLITE_ERROR: no such table: issues
2023-03-20 14:53:49 info: file:///f%3A/sf/anypos/.next/cache/webpack/client-development/1.pack_
2023-03-20 14:53:49 error: SQLITE_ERROR: no such table: issues
2023-03-20 14:54:00 info: file:///f%3A/sf/anypos/.next/cache/webpack/client-development/1.pack_
2023-03-20 14:54:00 error: SQLITE_ERROR: no such table: issues
2023-03-20 14:55:00 info: file:///f%3A/sf/anypos/.next/cache/webpack/server-development/3.pack_
2023-03-20 14:55:00 error: SQLITE_ERROR: no such table: issues
2023-03-20 14:55:06 info: file:///f%3A/sf/anypos/.next/cache/webpack/client-development/15.pack_
2023-03-20 14:55:06 error: SQLITE_ERROR: no such table: issues
2023-03-20 14:55:40 info: file:///f%3A/sf/anypos/.next/cache/webpack/client-development/18.pack_
2023-03-20 14:55:40 error: SQLITE_ERROR: no such table: issues
2023-03-20 14:56:24 info: file:///f%3A/sf/anypos/.next/cache/webpack/client-development/1.pack_
2023-03-20 14:56:24 info: file:///f%3A/sf/anypos/.next/cache/webpack/client-development/3.pack_
2023-03-20 14:56:24 info: file:///f%3A/sf/anypos/.next/cache/webpack/client-development/14.pack_
2023-03-20 14:56:24 info: file:///f%3A/sf/anypos/.next/cache/webpack/client-development/18.pack_
2023-03-20 14:56:24 info: file:///f%3A/sf/anypos/.next/cache/webpack/client-development/20.pack_
2023-03-20 14:56:24 info: file:///f%3A/sf/anypos/.next/cache/webpack/client-development/index.pack_
2023-03-20 14:56:24 error: SQLITE_ERROR: no such table: issues
2023-03-20 14:56:24 error: SQLITE_ERROR: no such table: issues
2023-03-20 14:56:24 error: SQLITE_ERROR: no such table: issues
2023-03-20 14:56:24 error: SQLITE_ERROR: no such table: issues
2023-03-20 14:56:24 error: SQLITE_ERROR: no such table: issues
2023-03-20 14:56:24 error: SQLITE_ERROR: no such table: issues
2023-03-20 14:58:05 info: file:///f%3A/sf/anypos/public/broucher_ar
2023-03-20 14:58:05 error: SQLITE_ERROR: no such table: issues
2023-03-20 14:58:18 info: file:///f%3A/sf/anypos/.next/cache/webpack/client-development/3.pack_
2023-03-20 14:58:18 error: SQLITE_ERROR: no such table: issues
2023-03-20 14:58:18 info: file:///f%3A/sf/anypos/.next/cache/webpack/server-development/4.pack_
2023-03-20 14:58:18 error: SQLITE_ERROR: no such table: issues
2023-03-20 14:58:18 info: file:///f%3A/sf/anypos/public/broucher_en
2023-03-20 14:58:18 error: SQLITE_ERROR: no such table: issues
2023-03-20 14:59:34 info: file:///f%3A/sf/anypos/.next/cache/webpack/client-development/3.pack_
2023-03-20 14:59:34 error: SQLITE_ERROR: no such table: issues
2023-03-20 15:01:07 info: file:///f%3A/sf/anypos/.next/cache/webpack/server-development/4.pack_
2023-03-20 15:01:07 error: SQLITE_ERROR: no such table: issues
2023-03-20 15:02:03 info: file:///f%3A/sf/anypos/.next/cache/webpack/client-development/3.pack_
2023-03-20 15:02:03 info: file:///f%3A/sf/anypos/.next/cache/webpack/client-development/15.pack_
2023-03-20 15:02:03 info: file:///f%3A/sf/anypos/.next/cache/webpack/client-development/index.pack_
2023-03-20 15:02:03 error: SQLITE_ERROR: no such table: issues
2023-03-20 15:02:03 error: SQLITE_ERROR: no such table: issues
2023-03-20 15:02:03 error: SQLITE_ERROR: no such table: issues
2023-03-20 15:02:59 info: file:///f%3A/sf/anypos/.next/cache/webpack/client-development/3.pack_
2023-03-20 15:02:59 info: file:///f%3A/sf/anypos/.next/cache/webpack/client-development/15.pack_
2023-03-20 15:02:59 info: file:///f%3A/sf/anypos/.next/cache/webpack/client-development/17.pack_
2023-03-20 15:02:59 info: file:///f%3A/sf/anypos/.next/cache/webpack/client-development/18.pack_
2023-03-20 15:02:59 info: file:///f%3A/sf/anypos/.next/cache/webpack/client-development/20.pack_
2023-03-20 15:02:59 info: file:///f%3A/sf/anypos/.next/cache/webpack/client-development/index.pack_
2023-03-20 15:02:59 error: SQLITE_ERROR: no such table: issues
2023-03-20 15:02:59 error: SQLITE_ERROR: no such table: issues
2023-03-20 15:02:59 error: SQLITE_ERROR: no such table: issues
2023-03-20 15:02:59 error: SQLITE_ERROR: no such table: issues
2023-03-20 15:02:59 error: SQLITE_ERROR: no such table: issues
2023-03-20 15:02:59 error: SQLITE_ERROR: no such table: issues
2023-03-20 15:03:39 info: file:///f%3A/sf/anypos/.next/cache/webpack/client-development/8.pack_
2023-03-20 15:03:39 error: SQLITE_ERROR: no such table: issues
2023-03-20 15:04:22 info: file:///f%3A/sf/anypos/.next/cache/webpack/client-development/18.pack_
2023-03-20 15:04:22 error: SQLITE_ERROR: no such table: issues
2023-03-20 15:04:38 info: file:///f%3A/sf/anypos/.next/cache/webpack/client-development/22.pack_
2023-03-20 15:04:38 error: SQLITE_ERROR: no such table: issues
2023-03-20 15:04:53 info: file:///f%3A/sf/anypos/.next/cache/webpack/client-development/2.pack_
2023-03-20 15:04:53 error: SQLITE_ERROR: no such table: issues
2023-03-20 15:05:18 info: file:///f%3A/sf/anypos/public/broucher_en.pdf
2023-03-20 15:05:18 error: SQLITE_ERROR: no such table: issues
2023-03-20 15:05:28 info: file:///f%3A/sf/anypos/public/broucher_ar.pdf
2023-03-20 15:05:28 error: SQLITE_ERROR: no such table: issues
2023-03-20 15:06:13 info: file:///f%3A/sf/anypos/.next/cache/webpack/client-development/22.pack_
2023-03-20 15:06:13 error: SQLITE_ERROR: no such table: issues
2023-03-20 15:07:00 info: file:///f%3A/sf/anypos/.next/cache/webpack/client-development/24.pack_
2023-03-20 15:07:00 error: SQLITE_ERROR: no such table: issues
2023-03-20 15:07:09 info: file:///f%3A/sf/anypos/.next/cache/webpack/client-development/1.pack_
2023-03-20 15:07:09 info: file:///f%3A/sf/anypos/.next/cache/webpack/client-development/8.pack_
2023-03-20 15:07:09 info: file:///f%3A/sf/anypos/.next/cache/webpack/client-development/24.pack_
2023-03-20 15:07:09 error: SQLITE_ERROR: no such table: issues
2023-03-20 15:07:09 error: SQLITE_ERROR: no such table: issues
2023-03-20 15:07:09 error: SQLITE_ERROR: no such table: issues
2023-03-20 15:07:37 info: file:///f%3A/sf/anypos/.next/cache/webpack/client-development/9.pack_
2023-03-20 15:07:37 error: SQLITE_ERROR: no such table: issues
